{
  "RSpec": {
    "coverage": {
      "/Users/pulkitko/Documents/project/cab_app/app/controllers/admins_controller.rb": [
        null,
        1,
        null,
        1,
        1,
        1,
        null,
        null,
        1,
        1,
        null,
        null,
        1,
        1,
        null,
        null,
        1,
        2,
        null,
        2,
        1,
        null,
        1,
        null,
        null,
        null,
        1,
        3,
        3,
        1,
        null,
        2,
        null,
        null,
        null,
        1,
        2,
        2,
        2,
        null,
        null,
        null,
        null,
        null,
        null
      ],
      "/Users/pulkitko/Documents/project/cab_app/app/controllers/application_controller.rb": [
        null,
        1,
        1,
        1,
        1,
        null,
        1,
        44,
        null,
        null,
        null
      ],
      "/Users/pulkitko/Documents/project/cab_app/app/helpers/application_helper.rb": [
        null,
        1,
        null,
        1,
        1,
        1,
        null,
        null,
        null,
        1,
        2,
        null,
        null
      ],
      "/Users/pulkitko/Documents/project/cab_app/app/helpers/vendor_response_helper.rb": [
        1,
        null
      ],
      "/Users/pulkitko/Documents/project/cab_app/app/models/admin.rb": [
        null,
        1,
        1,
        null,
        1,
        1,
        1,
        1,
        1,
        1,
        null
      ],
      "/Users/pulkitko/Documents/project/cab_app/app/controllers/cab_requests_controller.rb": [
        null,
        1,
        1,
        1,
        1,
        null,
        1,
        1,
        0,
        null,
        1,
        null,
        null,
        null,
        1,
        2,
        2,
        null,
        null,
        1,
        8,
        8,
        8,
        8,
        8,
        8,
        8,
        1,
        1,
        null,
        8,
        1,
        1,
        null,
        8,
        1,
        1,
        null,
        8,
        1,
        1,
        null,
        8,
        1,
        1,
        null,
        8,
        1,
        1,
        null,
        null,
        8,
        8,
        0,
        null,
        8,
        8,
        8,
        8,
        8,
        0,
        8,
        7,
        7,
        7,
        null,
        1,
        null,
        null,
        null,
        1,
        3,
        3,
        3,
        null,
        0,
        null,
        3,
        3,
        3,
        null,
        3,
        3,
        3,
        null,
        null,
        null,
        1,
        null,
        null,
        1,
        1,
        8,
        8,
        null,
        null,
        null,
        1,
        0,
        0,
        0,
        null,
        0,
        null,
        null,
        0,
        null,
        null,
        1,
        0,
        0,
        0,
        0,
        null,
        0,
        null,
        null,
        1,
        2,
        2,
        0,
        0,
        null,
        2,
        null,
        2,
        0,
        0,
        null,
        2,
        null,
        null,
        null
      ],
      "/Users/pulkitko/Documents/project/cab_app/app/models/cab_request.rb": [
        null,
        1,
        1,
        null,
        1,
        null,
        1,
        1,
        1,
        1,
        1,
        1,
        1,
        null,
        1,
        1,
        null,
        1,
        31,
        null,
        null,
        1,
        31,
        30,
        30,
        null,
        null,
        null,
        null,
        null
      ],
      "/Users/pulkitko/Documents/project/cab_app/app/controllers/requesters_controller.rb": [
        null,
        1,
        null,
        1,
        1,
        1,
        1,
        null,
        null,
        null
      ],
      "/Users/pulkitko/Documents/project/cab_app/app/models/requester.rb": [
        null,
        1,
        null,
        1,
        1,
        null,
        null
      ],
      "/Users/pulkitko/Documents/project/cab_app/app/controllers/support_centers_controller.rb": [
        null,
        1,
        1,
        null,
        1,
        2,
        2,
        2,
        2,
        2,
        2,
        2,
        2,
        null,
        2,
        2,
        null,
        2,
        2,
        null,
        2,
        2,
        2,
        2,
        2,
        2,
        2,
        2,
        null,
        null,
        null,
        1,
        3,
        0,
        0,
        0,
        null,
        null,
        3,
        3,
        null,
        3,
        null,
        null,
        1,
        0,
        0,
        0,
        0,
        0,
        0,
        0,
        0,
        null,
        null,
        1,
        3,
        3,
        3,
        null,
        3,
        0,
        3,
        0,
        null,
        3,
        null,
        3,
        3,
        null,
        0,
        null,
        3,
        3,
        3,
        null,
        3,
        3,
        3,
        3,
        3,
        3,
        null,
        null,
        null,
        null,
        1,
        1,
        3,
        3,
        3,
        4,
        3,
        null,
        1,
        null,
        null,
        null,
        null,
        1,
        6,
        6,
        null,
        null,
        null,
        1,
        0,
        0,
        null,
        null,
        null
      ],
      "/Users/pulkitko/Documents/project/cab_app/app/controllers/vendor_response_controller.rb": [
        1,
        null,
        null,
        null,
        1,
        0,
        0,
        0,
        0,
        null,
        0,
        null,
        0,
        0,
        0,
        null,
        null,
        0,
        0,
        0,
        0,
        0,
        null,
        0,
        0,
        null,
        0,
        0,
        0,
        null,
        0,
        null,
        0,
        null,
        null,
        null,
        null
      ],
      "/Users/pulkitko/Documents/project/cab_app/app/controllers/vendors_controller.rb": [
        null,
        1,
        1,
        null,
        1,
        4,
        null,
        null,
        1,
        2,
        null,
        null,
        1,
        2,
        null,
        null,
        1,
        2,
        2,
        2,
        1,
        null,
        1,
        null,
        null,
        null,
        null,
        1,
        2,
        null,
        2,
        1,
        null,
        1,
        null,
        null,
        null,
        null,
        1,
        1,
        1,
        1,
        null,
        null,
        1,
        0,
        0,
        0,
        0,
        0,
        null,
        null,
        1,
        0,
        0,
        0,
        0,
        0,
        null,
        null,
        null
      ],
      "/Users/pulkitko/Documents/project/cab_app/app/models/vendor.rb": [
        null,
        1,
        1,
        null,
        1,
        1,
        1,
        1,
        1,
        1,
        null,
        null,
        null
      ],
      "/Users/pulkitko/Documents/project/cab_app/app/mailers/cab_request_mailer.rb": [
        1,
        1,
        null,
        1,
        null,
        null,
        1,
        null,
        null,
        null,
        null,
        null,
        null,
        null,
        null,
        null,
        null,
        null,
        null,
        null,
        null,
        null,
        null,
        null,
        null,
        null,
        null,
        0,
        null,
        null,
        null,
        1,
        null,
        null,
        null,
        null,
        null,
        null,
        null,
        null,
        null,
        null,
        null,
        null,
        null,
        null,
        null,
        null,
        null,
        null,
        null,
        null,
        null,
        null,
        null,
        null,
        null,
        null,
        null,
        null,
        0,
        null,
        null,
        1,
        null,
        null,
        null,
        null,
        null,
        null,
        null,
        null,
        null,
        null,
        null,
        null,
        null,
        null,
        null,
        null,
        null,
        null,
        null,
        null,
        null,
        null,
        0,
        null,
        null,
        null
      ]
    },
    "timestamp": 1390884820
  }
}
